2011-01-06 - Updated Handler.ts
2011-01-08 - Updated Service.py
2011-01-09 - Updated Config.cpp
2011-01-14 - Updated Service.java
2011-01-16 - Updated Utils.js
2011-01-17 - Updated Config.rb
2011-01-19 - Updated Main.rs
2011-01-28 - Updated Test.rb
2011-01-29 - Updated Handler.cpp
2011-01-30 - Updated App.py
2011-01-31 - Updated Handler.rb
2011-02-03 - Updated Service.rb
2011-02-04 - Updated Controller.java
2011-02-06 - Updated App.go
2011-02-11 - Updated Helper.py
2011-02-14 - Updated Utils.cpp
2011-02-22 - Updated Model.ts
2011-02-24 - Updated Utils.java
2011-02-27 - Updated Model.ts
2011-02-28 - Updated Service.cpp
2011-03-06 - Updated Service.js
2011-03-08 - Updated Model.php
2011-03-10 - Updated Handler.rb
2011-03-13 - Updated Helper.java
2011-03-14 - Updated Service.go
2011-03-16 - Updated Handler.cpp
2011-03-19 - Updated App.rb
2011-03-25 - Updated App.rb
2011-03-28 - Updated Handler.cpp
2011-04-03 - Updated Model.rs
2011-04-07 - Updated Test.py
2011-04-09 - Updated Utils.php
2011-04-10 - Updated Service.swift
2011-04-18 - Updated Test.py
2011-04-25 - Updated Handler.ts
